{"name": "Verify if test framework is not working", "status": "failed", "statusDetails": {"message": "AssertionError: assert False == True", "trace": "@allure.title(\"Verify if test framework is not working\")\n    @pytest.mark.regression\n    def test_sample_fail():\n>       assert False == True\nE       assert False == True\n\nsrc\\tests\\sample\\test_sample.py:13: AssertionError"}, "start": 1766001638102, "stop": 1766001638103, "uuid": "0bd90843-7bed-41a3-9e86-e7795e18c610", "historyId": "22cda3223d9e1892170539afef0c4b6d", "testCaseId": "22cda3223d9e1892170539afef0c4b6d", "fullName": "src.tests.sample.test_sample#test_sample_fail", "labels": [{"name": "tag", "value": "regression"}, {"name": "parentSuite", "value": "src.tests.sample"}, {"name": "suite", "value": "test_sample"}, {"name": "host", "value": "EPINBANW00D6"}, {"name": "thread", "value": "7744-MainThread"}, {"name": "framework", "value": "pytest"}, {"name": "language", "value": "cpython3"}, {"name": "package", "value": "src.tests.sample.test_sample"}], "titlePath": ["src", "tests", "sample", "test_sample.py"]}