{"name": "Verify if test framework is not working", "status": "failed", "statusDetails": {"message": "AssertionError: assert False == True", "trace": "@allure.title(\"Verify if test framework is not working\")\n    @pytest.mark.regression\n    @allure.step(\"Step 2\")\n    def test_sample_fail():\n>       assert False == True\nE       assert False == True\n\nsrc\\tests\\sample\\test_sample.py:15: AssertionError"}, "steps": [{"name": "Step 2", "status": "failed", "statusDetails": {"message": "AssertionError: assert False == True\n", "trace": "  File \"C:\\Users\\Avinash_Kumar3\\PycharmProjects\\pyATB6X_APIAutomationFramework\\.venv\\Lib\\site-packages\\allure_commons\\_allure.py\", line 202, in impl\n    return func(*a, **kw)\n  File \"C:\\Users\\Avinash_Kumar3\\PycharmProjects\\pyATB6X_APIAutomationFramework\\src\\tests\\sample\\test_sample.py\", line 15, in test_sample_fail\n    assert False == True\n"}, "start": 1766002542427, "stop": 1766002542427}], "start": 1766002542427, "stop": 1766002542428, "uuid": "5cc2aa69-d206-48ee-a6a4-bd42d4ddd1b2", "historyId": "22cda3223d9e1892170539afef0c4b6d", "testCaseId": "22cda3223d9e1892170539afef0c4b6d", "fullName": "src.tests.sample.test_sample#test_sample_fail", "labels": [{"name": "tag", "value": "regression"}, {"name": "parentSuite", "value": "src.tests.sample"}, {"name": "suite", "value": "test_sample"}, {"name": "host", "value": "EPINBANW00D6"}, {"name": "thread", "value": "31392-MainThread"}, {"name": "framework", "value": "pytest"}, {"name": "language", "value": "cpython3"}, {"name": "package", "value": "src.tests.sample.test_sample"}], "titlePath": ["src", "tests", "sample", "test_sample.py"]}